# JRE version: Java(TM) SE Runtime Environment (8.0_102-b14) (build 1.8.0_102-b14)
# Java VM: Java HotSpot(TM) 64-Bit Server VM (25.102-b14 mixed mode windows-amd64 compressed oops)
Heap:
 def new generation   total 4928K, used 2380K [0x00000000f0000000, 0x00000000f0550000, 0x00000000f5550000)
  eden space 4416K,  42% used [0x00000000f0000000, 0x00000000f01d32a0, 0x00000000f0450000)
  from space 512K, 100% used [0x00000000f0450000, 0x00000000f04d0000, 0x00000000f04d0000)
  to   space 512K,   0% used [0x00000000f04d0000, 0x00000000f04d0000, 0x00000000f0550000)
 tenured generation   total 10944K, used 5516K [0x00000000f5550000, 0x00000000f6000000, 0x0000000100000000)
   the space 10944K,  50% used [0x00000000f5550000, 0x00000000f5ab31e8, 0x00000000f5ab3200, 0x00000000f6000000)
 Metaspace       used 12650K, capacity 12858K, committed 12928K, reserved 1060864K
  class space    used 1575K, capacity 1636K, committed 1664K, reserved 1048576K
GC Heap History (10 events):
Event: 2.442 GC heap before
{Heap before GC invocations=3 (full 0):
 def new generation   total 4928K, used 4892K [0x00000000f0000000, 0x00000000f0550000, 0x00000000f5550000)
  eden space 4416K,  99% used [0x00000000f0000000, 0x00000000f0447250, 0x00000000f0450000)
  from space 512K, 100% used [0x00000000f04d0000, 0x00000000f0550000, 0x00000000f0550000)
  to   space 512K,   0% used [0x00000000f0450000, 0x00000000f0450000, 0x00000000f04d0000)
 tenured generation   total 10944K, used 2174K [0x00000000f5550000, 0x00000000f6000000, 0x0000000100000000)
   the space 10944K,  19% used [0x00000000f5550000, 0x00000000f576fb08, 0x00000000f576fc00, 0x00000000f6000000)
 Metaspace       used 8919K, capacity 9140K, committed 9344K, reserved 1056768K
  class space    used 1055K, capacity 1123K, committed 1152K, reserved 1048576K
Event: 2.452 GC heap after
Heap after GC invocations=4 (full 0):
 def new generation   total 4928K, used 512K [0x00000000f0000000, 0x00000000f0550000, 0x00000000f5550000)
  eden space 4416K,   0% used [0x00000000f0000000, 0x00000000f0000000, 0x00000000f0450000)
  from space 512K, 100% used [0x00000000f0450000, 0x00000000f04d0000, 0x00000000f04d0000)
  to   space 512K,   0% used [0x00000000f04d0000, 0x00000000f04d0000, 0x00000000f0550000)
 tenured generation   total 10944K, used 3373K [0x00000000f5550000, 0x00000000f6000000, 0x0000000100000000)
   the space 10944K,  30% used [0x00000000f5550000, 0x00000000f589b7e8, 0x00000000f589b800, 0x00000000f6000000)
 Metaspace       used 8919K, capacity 9140K, committed 9344K, reserved 1056768K
  class space    used 1055K, capacity 1123K, committed 1152K, reserved 1048576K
}
Event: 2.724 GC heap before
{Heap before GC invocations=4 (full 0):
 def new generation   total 4928K, used 4928K [0x00000000f0000000, 0x00000000f0550000, 0x00000000f5550000)
  eden space 4416K, 100% used [0x00000000f0000000, 0x00000000f0450000, 0x00000000f0450000)
  from space 512K, 100% used [0x00000000f0450000, 0x00000000f04d0000, 0x00000000f04d0000)
  to   space 512K,   0% used [0x00000000f04d0000, 0x00000000f04d0000, 0x00000000f0550000)
 tenured generation   total 10944K, used 3373K [0x00000000f5550000, 0x00000000f6000000, 0x0000000100000000)
   the space 10944K,  30% used [0x00000000f5550000, 0x00000000f589b7e8, 0x00000000f589b800, 0x00000000f6000000)
 Metaspace       used 9492K, capacity 9690K, committed 9984K, reserved 1058816K
  class space    used 1143K, capacity 1220K, committed 1280K, reserved 1048576K
Event: 2.730 GC heap after
Heap after GC invocations=5 (full 0):
 def new generation   total 4928K, used 511K [0x00000000f0000000, 0x00000000f0550000, 0x00000000f5550000)
  eden space 4416K,   0% used [0x00000000f0000000, 0x00000000f0000000, 0x00000000f0450000)
  from space 512K,  99% used [0x00000000f04d0000, 0x00000000f054fff0, 0x00000000f0550000)
  to   space 512K,   0% used [0x00000000f0450000, 0x00000000f0450000, 0x00000000f04d0000)
 tenured generation   total 10944K, used 4016K [0x00000000f5550000, 0x00000000f6000000, 0x0000000100000000)
   the space 10944K,  36% used [0x00000000f5550000, 0x00000000f593c3c0, 0x00000000f593c400, 0x00000000f6000000)
 Metaspace       used 9492K, capacity 9690K, committed 9984K, reserved 1058816K
  class space    used 1143K, capacity 1220K, committed 1280K, reserved 1048576K
}
Event: 3.580 GC heap before
{Heap before GC invocations=5 (full 0):
 def new generation   total 4928K, used 4927K [0x00000000f0000000, 0x00000000f0550000, 0x00000000f5550000)
  eden space 4416K, 100% used [0x00000000f0000000, 0x00000000f0450000, 0x00000000f0450000)
  from space 512K,  99% used [0x00000000f04d0000, 0x00000000f054fff0, 0x00000000f0550000)
  to   space 512K,   0% used [0x00000000f0450000, 0x00000000f0450000, 0x00000000f04d0000)
 tenured generation   total 10944K, used 4016K [0x00000000f5550000, 0x00000000f6000000, 0x0000000100000000)
   the space 10944K,  36% used [0x00000000f5550000, 0x00000000f593c3c0, 0x00000000f593c400, 0x00000000f6000000)
 Metaspace       used 10707K, capacity 10938K, committed 11136K, reserved 1058816K
  class space    used 1312K, capacity 1380K, committed 1408K, reserved 1048576K
Event: 3.586 GC heap after
Heap after GC invocations=6 (full 0):
 def new generation   total 4928K, used 512K [0x00000000f0000000, 0x00000000f0550000, 0x00000000f5550000)
  eden space 4416K,   0% used [0x00000000f0000000, 0x00000000f0000000, 0x00000000f0450000)
  from space 512K, 100% used [0x00000000f0450000, 0x00000000f04d0000, 0x00000000f04d0000)
  to   space 512K,   0% used [0x00000000f04d0000, 0x00000000f04d0000, 0x00000000f0550000)
 tenured generation   total 10944K, used 4715K [0x00000000f5550000, 0x00000000f6000000, 0x0000000100000000)
   the space 10944K,  43% used [0x00000000f5550000, 0x00000000f59eae68, 0x00000000f59eb000, 0x00000000f6000000)
 Metaspace       used 10707K, capacity 10938K, committed 11136K, reserved 1058816K
  class space    used 1312K, capacity 1380K, committed 1408K, reserved 1048576K
}
Event: 3.860 GC heap before
{Heap before GC invocations=6 (full 0):
 def new generation   total 4928K, used 4928K [0x00000000f0000000, 0x00000000f0550000, 0x00000000f5550000)
  eden space 4416K, 100% used [0x00000000f0000000, 0x00000000f0450000, 0x00000000f0450000)
  from space 512K, 100% used [0x00000000f0450000, 0x00000000f04d0000, 0x00000000f04d0000)
  to   space 512K,   0% used [0x00000000f04d0000, 0x00000000f04d0000, 0x00000000f0550000)
 tenured generation   total 10944K, used 4715K [0x00000000f5550000, 0x00000000f6000000, 0x0000000100000000)
   the space 10944K,  43% used [0x00000000f5550000, 0x00000000f59eae68, 0x00000000f59eb000, 0x00000000f6000000)
 Metaspace       used 11817K, capacity 11962K, committed 12032K, reserved 1060864K
  class space    used 1469K, capacity 1508K, committed 1536K, reserved 1048576K
Event: 3.865 GC heap after
Heap after GC invocations=7 (full 0):
 def new generation   total 4928K, used 511K [0x00000000f0000000, 0x00000000f0550000, 0x00000000f5550000)
  eden space 4416K,   0% used [0x00000000f0000000, 0x00000000f0000000, 0x00000000f0450000)
  from space 512K,  99% used [0x00000000f04d0000, 0x00000000f054fff8, 0x00000000f0550000)
  to   space 512K,   0% used [0x00000000f0450000, 0x00000000f0450000, 0x00000000f04d0000)
 tenured generation   total 10944K, used 5349K [0x00000000f5550000, 0x00000000f6000000, 0x0000000100000000)
   the space 10944K,  48% used [0x00000000f5550000, 0x00000000f5a894f0, 0x00000000f5a89600, 0x00000000f6000000)
 Metaspace       used 11817K, capacity 11962K, committed 12032K, reserved 1060864K
  class space    used 1469K, capacity 1508K, committed 1536K, reserved 1048576K
}
Event: 16.008 GC heap before
{Heap before GC invocations=7 (full 0):
 def new generation   total 4928K, used 4927K [0x00000000f0000000, 0x00000000f0550000, 0x00000000f5550000)
  eden space 4416K, 100% used [0x00000000f0000000, 0x00000000f0450000, 0x00000000f0450000)
  from space 512K,  99% used [0x00000000f04d0000, 0x00000000f054fff8, 0x00000000f0550000)
  to   space 512K,   0% used [0x00000000f0450000, 0x00000000f0450000, 0x00000000f04d0000)
 tenured generation   total 10944K, used 5349K [0x00000000f5550000, 0x00000000f6000000, 0x0000000100000000)
   the space 10944K,  48% used [0x00000000f5550000, 0x00000000f5a894f0, 0x00000000f5a89600, 0x00000000f6000000)
 Metaspace       used 12503K, capacity 12666K, committed 12928K, reserved 1060864K
  class space    used 1562K, capacity 1636K, committed 1664K, reserved 1048576K
Event: 16.012 GC heap after
Heap after GC invocations=8 (full 0):
 def new generation   total 4928K, used 512K [0x00000000f0000000, 0x00000000f0550000, 0x00000000f5550000)
  eden space 4416K,   0% used [0x00000000f0000000, 0x00000000f0000000, 0x00000000f0450000)
  from space 512K, 100% used [0x00000000f0450000, 0x00000000f04d0000, 0x00000000f04d0000)
  to   space 512K,   0% used [0x00000000f04d0000, 0x00000000f04d0000, 0x00000000f0550000)
 tenured generation   total 10944K, used 5516K [0x00000000f5550000, 0x00000000f6000000, 0x0000000100000000)
   the space 10944K,  50% used [0x00000000f5550000, 0x00000000f5ab31e8, 0x00000000f5ab3200, 0x00000000f6000000)
 Metaspace       used 12503K, capacity 12666K, committed 12928K, reserved 1060864K
  class space    used 1562K, capacity 1636K, committed 1664K, reserved 1048576K
}

